<?xml version="1.0" encoding="UTF-8"?>
<testng-results skipped="0" failed="0" ignored="0" total="3" passed="3">
  <reporter-output>
  </reporter-output>
  <suite name="Default suite" duration-ms="21478" started-at="2021-03-28T17:16:19 BST" finished-at="2021-03-28T17:16:40 BST">
    <groups>
    </groups>
    <test name="Default test" duration-ms="21478" started-at="2021-03-28T17:16:19 BST" finished-at="2021-03-28T17:16:40 BST">
      <class name="com.krn.actitime.testcases.LoginPageTest">
        <test-method status="PASS" signature="setup()[pri:0, instance:com.krn.actitime.testcases.LoginPageTest@52f759d7]" name="setup" is-config="true" duration-ms="8546" started-at="2021-03-28T17:16:19 BST" finished-at="2021-03-28T17:16:27 BST">
          <reporter-output>
          </reporter-output>
        </test-method> <!-- setup -->
        <test-method status="PASS" signature="loginPageTitleTest()[pri:1, instance:com.krn.actitime.testcases.LoginPageTest@52f759d7]" name="loginPageTitleTest" duration-ms="42" started-at="2021-03-28T17:16:27 BST" finished-at="2021-03-28T17:16:27 BST">
          <reporter-output>
          </reporter-output>
        </test-method> <!-- loginPageTitleTest -->
        <test-method status="PASS" signature="tearDown()[pri:0, instance:com.krn.actitime.testcases.LoginPageTest@52f759d7]" name="tearDown" is-config="true" duration-ms="154" started-at="2021-03-28T17:16:27 BST" finished-at="2021-03-28T17:16:27 BST">
          <reporter-output>
          </reporter-output>
        </test-method> <!-- tearDown -->
        <test-method status="PASS" signature="setup()[pri:0, instance:com.krn.actitime.testcases.LoginPageTest@52f759d7]" name="setup" is-config="true" duration-ms="6137" started-at="2021-03-28T17:16:27 BST" finished-at="2021-03-28T17:16:33 BST">
          <reporter-output>
          </reporter-output>
        </test-method> <!-- setup -->
        <test-method status="PASS" signature="logPageLogoTest()[pri:2, instance:com.krn.actitime.testcases.LoginPageTest@52f759d7]" name="logPageLogoTest" duration-ms="133" started-at="2021-03-28T17:16:33 BST" finished-at="2021-03-28T17:16:34 BST">
          <reporter-output>
          </reporter-output>
        </test-method> <!-- logPageLogoTest -->
        <test-method status="PASS" signature="tearDown()[pri:0, instance:com.krn.actitime.testcases.LoginPageTest@52f759d7]" name="tearDown" is-config="true" duration-ms="161" started-at="2021-03-28T17:16:34 BST" finished-at="2021-03-28T17:16:34 BST">
          <reporter-output>
          </reporter-output>
        </test-method> <!-- tearDown -->
        <test-method status="PASS" signature="setup()[pri:0, instance:com.krn.actitime.testcases.LoginPageTest@52f759d7]" name="setup" is-config="true" duration-ms="5804" started-at="2021-03-28T17:16:34 BST" finished-at="2021-03-28T17:16:40 BST">
          <reporter-output>
          </reporter-output>
        </test-method> <!-- setup -->
        <test-method status="PASS" signature="loginTest()[pri:3, instance:com.krn.actitime.testcases.LoginPageTest@52f759d7]" name="loginTest" duration-ms="267" started-at="2021-03-28T17:16:40 BST" finished-at="2021-03-28T17:16:40 BST">
          <reporter-output>
          </reporter-output>
        </test-method> <!-- loginTest -->
        <test-method status="PASS" signature="tearDown()[pri:0, instance:com.krn.actitime.testcases.LoginPageTest@52f759d7]" name="tearDown" is-config="true" duration-ms="158" started-at="2021-03-28T17:16:40 BST" finished-at="2021-03-28T17:16:40 BST">
          <reporter-output>
          </reporter-output>
        </test-method> <!-- tearDown -->
      </class> <!-- com.krn.actitime.testcases.LoginPageTest -->
    </test> <!-- Default test -->
  </suite> <!-- Default suite -->
</testng-results>
