<?xml version="1.0" encoding="UTF-8"?>
<!-- Generated by org.testng.reporters.JUnitXMLReporter -->
<testsuite hostname="Ashoks-MacBook-Air.local" ignored="0" name="Default test" tests="3" failures="0" timestamp="2021-03-28T17:16:40 BST" time="21.478" errors="0">
  <testcase name="loginPageTitleTest" time="0.042" classname="com.krn.actitime.testcases.LoginPageTest"/>
  <testcase name="logPageLogoTest" time="0.133" classname="com.krn.actitime.testcases.LoginPageTest"/>
  <testcase name="loginTest" time="0.267" classname="com.krn.actitime.testcases.LoginPageTest"/>
</testsuite> <!-- Default test -->
